<?xml version="1.0" encoding="UTF-8"?>
<testsuite name="com.example.UserTest" tests="1" skipped="0" failures="0" errors="0" timestamp="2022-07-23T01:21:19" hostname="trevariui-MacBookPro-3.local" time="0.038">
  <properties/>
  <testcase name="create()" classname="com.example.UserTest" time="0.038"/>
  <system-out><![CDATA[User Joined!! => JoinedEvent(id=123, name=jang, age=26)
]]></system-out>
  <system-err><![CDATA[]]></system-err>
</testsuite>
