<?xml version="1.0" encoding="UTF-8"?>
<testsuite name="com.example.MainTest" tests="1" skipped="0" failures="0" errors="0" timestamp="2022-07-23T01:05:03" hostname="trevariui-MacBookPro-3.local" time="0.031">
  <properties/>
  <testcase name="name()" classname="com.example.MainTest" time="0.031"/>
  <system-out><![CDATA[]]></system-out>
  <system-err><![CDATA[]]></system-err>
</testsuite>
