<?xml version="1.0" encoding="UTF-8"?>
<testsuite name="com.example.UserTest" tests="1" skipped="0" failures="0" errors="0" timestamp="2022-07-23T01:08:34" hostname="trevariui-MacBookPro-3.local" time="0.03">
  <properties/>
  <testcase name="create()" classname="com.example.UserTest" time="0.03"/>
  <system-out><![CDATA[]]></system-out>
  <system-err><![CDATA[]]></system-err>
</testsuite>
